Executing instructions:
1:No jump
2:No jump
3:R3=1
4:R4=1
5:Jump to 1
1:No jump
2:No jump
3:R3=2
4:R4=2
5:Jump to 1
1:No jump
2:No jump
3:R3=3
4:R4=3
5:Jump to 1
1:No jump
2:No jump
3:R3=4
4:R4=4
5:Jump to 1
1:No jump
2:No jump
3:R3=5
4:R4=5
5:Jump to 1
1:No jump
2:Jump to 6
6:R4=0
7:Jump to 1
1:No jump
2:No jump
3:R3=6
4:R4=1
5:Jump to 1
1:No jump
2:No jump
3:R3=7
4:R4=2
5:Jump to 1
1:No jump
2:No jump
3:R3=8
4:R4=3
5:Jump to 1
1:No jump
2:No jump
3:R3=9
4:R4=4
5:Jump to 1
1:No jump
2:No jump
3:R3=10
4:R4=5
5:Jump to 1
1:No jump
2:Jump to 6
6:R4=0
7:Jump to 1
1:No jump
2:No jump
3:R3=11
4:R4=1
5:Jump to 1
1:No jump
2:No jump
3:R3=12
4:R4=2
5:Jump to 1
1:No jump
2:No jump
3:R3=13
4:R4=3
5:Jump to 1
1:No jump
2:No jump
3:R3=14
4:R4=4
5:Jump to 1
1:No jump
2:No jump
3:R3=15
4:R4=5
5:Jump to 1
1:No jump
2:Jump to 6
6:R4=0
7:Jump to 1
1:No jump
2:No jump
3:R3=16
4:R4=1
5:Jump to 1
1:No jump
2:No jump
3:R3=17
4:R4=2
5:Jump to 1
1:No jump
2:No jump
3:R3=18
4:R4=3
5:Jump to 1
1:No jump
2:No jump
3:R3=19
4:R4=4
5:Jump to 1
1:No jump
2:No jump
3:R3=20
4:R4=5
5:Jump to 1
1:No jump
2:Jump to 6
6:R4=0
7:Jump to 1
1:No jump
2:No jump
3:R3=21
4:R4=1
5:Jump to 1
1:No jump
2:No jump
3:R3=22
4:R4=2
5:Jump to 1
1:No jump
2:No jump
3:R3=23
4:R4=3
5:Jump to 1
1:No jump
2:No jump
3:R3=24
4:R4=4
5:Jump to 1
1:No jump
2:No jump
3:R3=25
4:R4=5
5:Jump to 1
1:Jump to 8
8:R1=0
9:Jump to 11
11:R1=1
12:Jump to 0
Reached end of program.

Performed 145 instructions.

Output:
R1=1
R2=5
R3=25
R4=5
